#
# There is insufficient memory for the Java Runtime Environment to continue.
# Native memory allocation (mmap) failed to map 121634816 bytes for G1 virtual space
# Possible reasons:
#   The system is out of physical RAM or swap space
#   The process is running with CompressedOops enabled, and the Java Heap may be blocking the growth of the native heap
# Possible solutions:
#   Reduce memory load on the system
#   Increase physical memory or swap space
#   Check if swap backing store is full
#   Decrease Java heap size (-Xmx/-Xms)
#   Decrease number of Java threads
#   Decrease Java thread stack sizes (-Xss)
#   Set larger code cache with -XX:ReservedCodeCacheSize=
#   JVM is running with Unscaled Compressed Oops mode in which the Java heap is
#     placed in the first 4GB address space. The Java Heap base address is the
#     maximum limit for the native heap growth. Please use -XX:HeapBaseMinAddress
#     to set the Java Heap base and to place the Java Heap above 4GB virtual address.
# This output file may be truncated or incomplete.
#
#  Out of Memory Error (os_windows.cpp:3600), pid=14772, tid=17060
#
# JRE version:  (21.0.1+12) (build )
# Java VM: Java HotSpot(TM) 64-Bit Server VM (21.0.1+12-LTS-29, mixed mode, sharing, tiered, compressed oops, compressed class ptrs, g1 gc, windows-amd64)
# No core dump will be written. Minidumps are not enabled by default on client versions of Windows
#

---------------  S U M M A R Y ------------

Command Line: -agentlib:jdwp=transport=dt_socket,server=n,suspend=y,address=localhost:64879 -XX:+ShowCodeDetailsInExceptionMessages App

Host: AMD Ryzen 5 7520U with Radeon Graphics         , 8 cores, 7G,  Windows 11 , 64 bit Build 22621 (10.0.22621.2506)
Time: Wed Nov 22 11:33:32 2023 Hora estándar central (México) elapsed time: 0.077384 seconds (0d 0h 0m 0s)

---------------  T H R E A D  ---------------

Current thread (0x000001d49e68e980):  JavaThread "Unknown thread" [_thread_in_vm, id=17060, stack(0x000000cdad800000,0x000000cdad900000) (1024K)]

Stack: [0x000000cdad800000,0x000000cdad900000]
Native frames: (J=compiled Java code, j=interpreted, Vv=VM code, C=native code)
V  [jvm.dll+0x6c9029]
V  [jvm.dll+0x854b81]
V  [jvm.dll+0x856e5e]
V  [jvm.dll+0x857543]
V  [jvm.dll+0x280c06]
V  [jvm.dll+0x6c5715]
V  [jvm.dll+0x6ba10a]
V  [jvm.dll+0x3557ea]
V  [jvm.dll+0x35d436]
V  [jvm.dll+0x3ae1be]
V  [jvm.dll+0x3ae468]
V  [jvm.dll+0x3291fc]
V  [jvm.dll+0x329d8b]
V  [jvm.dll+0x81d179]
V  [jvm.dll+0x3bb4f1]
V  [jvm.dll+0x805ae8]
V  [jvm.dll+0x44effe]
V  [jvm.dll+0x450901]
C  [jli.dll+0x52a3]
C  [ucrtbase.dll+0x29363]
C  [KERNEL32.DLL+0x1257d]
C  [ntdll.dll+0x5aa58]


---------------  P R O C E S S  ---------------

Threads class SMR info:
_java_thread_list=0x00007ffe3d819b88, length=0, elements={
}

Java Threads: ( => current thread )
Total: 0

Other Threads:
  0x000001d4a08f6a10 WorkerThread "GC Thread#0"                     [id=22004, stack(0x000000cdad900000,0x000000cdada00000) (1024K)]
  0x000001d4a09061b0 ConcurrentGCThread "G1 Main Marker"            [id=16576, stack(0x000000cdada00000,0x000000cdadb00000) (1024K)]
  0x000001d4a0906cb0 WorkerThread "G1 Conc#0"                       [id=17664, stack(0x000000cdadb00000,0x000000cdadc00000) (1024K)]

[error occurred during error reporting (printing all threads), id 0xc0000005, EXCEPTION_ACCESS_VIOLATION (0xc0000005) at pc=0x00007ffe3cf8c2c7]
VM state: not at safepoint (not fully initialized)

VM Mutex/Monitor currently owned by a thread:  ([mutex/lock_event])
[0x00007ffe3d88a6f8] Heap_lock - owner thread: 0x000001d49e68e980

Heap address: 0x000000008c200000, size: 1854 MB, Compressed Oops mode: 32-bit

CDS archive(s) mapped at: [0x0000000000000000-0x0000000000000000-0x0000000000000000), size 0, SharedBaseAddress: 0x0000000800000000, ArchiveRelocationMode: 1.
Narrow klass base: 0x0000000000000000, Narrow klass shift: 0, Narrow klass range: 0x0

GC Precious Log:
 CardTable entry size: 512
 Card Set container configuration: InlinePtr #cards 5 size 8 Array Of Cards #cards 12 size 40 Howl #buckets 4 coarsen threshold 1843 Howl Bitmap #cards 512 size 80 coarsen threshold 460 Card regions per heap region 1 cards per card region 2048

Heap:
 garbage-first heap   total 0K, used 0K [0x000000008c200000, 0x0000000100000000)
  region size 1024K, 0 young (0K), 0 survivors (0K)

[error occurred during error reporting (printing heap information), id 0xc0000005, EXCEPTION_ACCESS_VIOLATION (0xc0000005) at pc=0x00007ffe3d371be9]
GC Heap History (0 events):
No events

Dll operation events (1 events):
Event: 0.013 Loaded shared library C:\Program Files\Java\jdk-21\bin\java.dll

Deoptimization events (0 events):
No events

Classes loaded (0 events):
No events

Classes unloaded (0 events):
No events

Classes redefined (0 events):
No events

Internal exceptions (0 events):
No events

ZGC Phase Switch (0 events):
No events

VM Operations (0 events):
No events

Events (0 events):
No events


Dynamic libraries:
0x00007ff745370000 - 0x00007ff745380000 	C:\Program Files\Java\jdk-21\bin\java.exe
0x00007ffe6e770000 - 0x00007ffe6e987000 	C:\WINDOWS\SYSTEM32\ntdll.dll
0x00007ffe6d6c0000 - 0x00007ffe6d784000 	C:\WINDOWS\System32\KERNEL32.DLL
0x00007ffe6beb0000 - 0x00007ffe6c255000 	C:\WINDOWS\System32\KERNELBASE.dll
0x00007ffe6c290000 - 0x00007ffe6c3a1000 	C:\WINDOWS\System32\ucrtbase.dll
0x00007ffe67090000 - 0x00007ffe670a9000 	C:\Program Files\Java\jdk-21\bin\jli.dll
0x00007ffe56630000 - 0x00007ffe5664b000 	C:\Program Files\Java\jdk-21\bin\VCRUNTIME140.dll
0x00007ffe6dda0000 - 0x00007ffe6de51000 	C:\WINDOWS\System32\ADVAPI32.dll
0x00007ffe6df90000 - 0x00007ffe6e037000 	C:\WINDOWS\System32\msvcrt.dll
0x00007ffe6e040000 - 0x00007ffe6e0e6000 	C:\WINDOWS\System32\sechost.dll
0x00007ffe6c970000 - 0x00007ffe6ca87000 	C:\WINDOWS\System32\RPCRT4.dll
0x00007ffe6d890000 - 0x00007ffe6da3e000 	C:\WINDOWS\System32\USER32.dll
0x00007ffe5a2b0000 - 0x00007ffe5a543000 	C:\WINDOWS\WinSxS\amd64_microsoft.windows.common-controls_6595b64144ccf1df_6.0.22621.2506_none_270c5ae97388e100\COMCTL32.dll
0x00007ffe6c260000 - 0x00007ffe6c286000 	C:\WINDOWS\System32\win32u.dll
0x00007ffe6ce30000 - 0x00007ffe6ce59000 	C:\WINDOWS\System32\GDI32.dll
0x00007ffe6bae0000 - 0x00007ffe6bbf9000 	C:\WINDOWS\System32\gdi32full.dll
0x00007ffe6c3b0000 - 0x00007ffe6c44a000 	C:\WINDOWS\System32\msvcp_win.dll
0x00007ffe62050000 - 0x00007ffe6205a000 	C:\WINDOWS\SYSTEM32\VERSION.dll
0x00007ffe6df50000 - 0x00007ffe6df81000 	C:\WINDOWS\System32\IMM32.DLL
0x00007ffe67030000 - 0x00007ffe6703c000 	C:\Program Files\Java\jdk-21\bin\vcruntime140_1.dll
0x00007ffe53510000 - 0x00007ffe5359e000 	C:\Program Files\Java\jdk-21\bin\msvcp140.dll
0x00007ffe3cc50000 - 0x00007ffe3d965000 	C:\Program Files\Java\jdk-21\bin\server\jvm.dll
0x00007ffe6de70000 - 0x00007ffe6dee1000 	C:\WINDOWS\System32\WS2_32.dll
0x00007ffe6b470000 - 0x00007ffe6b4bd000 	C:\WINDOWS\SYSTEM32\POWRPROF.dll
0x00007ffe62880000 - 0x00007ffe628b4000 	C:\WINDOWS\SYSTEM32\WINMM.dll
0x00007ffe6b3b0000 - 0x00007ffe6b3c3000 	C:\WINDOWS\SYSTEM32\UMPDC.dll
0x00007ffe6aae0000 - 0x00007ffe6aaf8000 	C:\WINDOWS\SYSTEM32\kernel.appcore.dll
0x00007ffe61de0000 - 0x00007ffe61dea000 	C:\Program Files\Java\jdk-21\bin\jimage.dll
0x00007ffe61110000 - 0x00007ffe61343000 	C:\WINDOWS\SYSTEM32\DBGHELP.DLL
0x00007ffe6e3a0000 - 0x00007ffe6e729000 	C:\WINDOWS\System32\combase.dll
0x00007ffe6cc30000 - 0x00007ffe6cd07000 	C:\WINDOWS\System32\OLEAUT32.dll
0x00007ffe541e0000 - 0x00007ffe54212000 	C:\WINDOWS\SYSTEM32\dbgcore.DLL
0x00007ffe6be30000 - 0x00007ffe6beaa000 	C:\WINDOWS\System32\bcryptPrimitives.dll
0x00007ffe565f0000 - 0x00007ffe5662c000 	C:\Program Files\Java\jdk-21\bin\jdwp.dll
0x00007ffe55ab0000 - 0x00007ffe55acf000 	C:\Program Files\Java\jdk-21\bin\java.dll

dbghelp: loaded successfully - version: 4.0.5 - missing functions: none
symbol engine: initialized successfully - sym options: 0x614 - pdb path: .;C:\Program Files\Java\jdk-21\bin;C:\WINDOWS\SYSTEM32;C:\WINDOWS\WinSxS\amd64_microsoft.windows.common-controls_6595b64144ccf1df_6.0.22621.2506_none_270c5ae97388e100;C:\Program Files\Java\jdk-21\bin\server

VM Arguments:
jvm_args: -agentlib:jdwp=transport=dt_socket,server=n,suspend=y,address=localhost:64879 -XX:+ShowCodeDetailsInExceptionMessages 
java_command: App
java_class_path (initial): C:\Users\Usuario\OneDrive - Escuela Politécnica Nacional\Documentos\Programación 2\Grupal\prjPoliretoGrupo2\prjPoliretoGrupo2\bin
Launcher Type: SUN_STANDARD

[Global flags]
     intx CICompilerCount                          = 4                                         {product} {ergonomic}
     uint ConcGCThreads                            = 2                                         {product} {ergonomic}
     uint G1ConcRefinementThreads                  = 8                                         {product} {ergonomic}
   size_t G1HeapRegionSize                         = 1048576                                   {product} {ergonomic}
    uintx GCDrainStackTargetSize                   = 64                                        {product} {ergonomic}
   size_t InitialHeapSize                          = 121634816                                 {product} {ergonomic}
   size_t MarkStackSize                            = 4194304                                   {product} {ergonomic}
   size_t MaxHeapSize                              = 1944059904                                {product} {ergonomic}
   size_t MinHeapDeltaBytes                        = 1048576                                   {product} {ergonomic}
   size_t MinHeapSize                              = 8388608                                   {product} {ergonomic}
    uintx NonNMethodCodeHeapSize                   = 5839372                                {pd product} {ergonomic}
    uintx NonProfiledCodeHeapSize                  = 122909434                              {pd product} {ergonomic}
    uintx ProfiledCodeHeapSize                     = 122909434                              {pd product} {ergonomic}
    uintx ReservedCodeCacheSize                    = 251658240                              {pd product} {ergonomic}
     bool SegmentedCodeCache                       = true                                      {product} {ergonomic}
     bool ShowCodeDetailsInExceptionMessages       = true                                   {manageable} {command line}
   size_t SoftMaxHeapSize                          = 1944059904                             {manageable} {ergonomic}
     bool UseCompressedOops                        = true                           {product lp64_product} {ergonomic}
     bool UseG1GC                                  = true                                      {product} {ergonomic}
     bool UseLargePagesIndividualAllocation        = false                                  {pd product} {ergonomic}

Logging:
Log output configuration:
 #0: stdout all=warning uptime,level,tags foldmultilines=false
 #1: stderr all=off uptime,level,tags foldmultilines=false

Environment Variables:
PATH=C:\Users\Usuario\bin;C:\Program Files\Git\mingw64\bin;C:\Program Files\Git\usr\local\bin;C:\Program Files\Git\usr\bin;C:\Program Files\Git\usr\bin;C:\Program Files\Git\mingw64\bin;C:\Program Files\Git\usr\bin;C:\Users\Usuario\bin;C:\Program Files\Common Files\Oracle\Java\javapath;C:\Program Files (x86)\Common Files\Oracle\Java\javapath;C:\WINDOWS\system32;C:\WINDOWS;C:\WINDOWS\System32\Wbem;C:\WINDOWS\System32\WindowsPowerShell\v1.0;C:\WINDOWS\System32\OpenSSH;C:\Program Files\Git\cmd;C:\Users\Usuario\AppData\Local\Microsoft\WindowsApps;C:\Users\Usuario\AppData\Local\Programs\Microsoft VS Code\bin;C:\Users\Usuario\AppData\Local\Programs\oh-my-posh\bin;C:\Program Files\Git\usr\bin\vendor_perl;C:\Program Files\Git\usr\bin\core_perl
USERNAME=Usuario
SHELL=C:\Program Files\Git\usr\bin\bash.exe
DISPLAY=needs-to-be-defined
LANG=en_US.UTF-8
TERM=xterm-256color
TMPDIR=C:\Users\Usuario\AppData\Local\Temp
OS=Windows_NT
PROCESSOR_IDENTIFIER=AMD64 Family 23 Model 160 Stepping 0, AuthenticAMD
TMP=C:\Users\Usuario\AppData\Local\Temp
TEMP=C:\Users\Usuario\AppData\Local\Temp




Periodic native trim disabled

---------------  S Y S T E M  ---------------

OS:
 Windows 11 , 64 bit Build 22621 (10.0.22621.2506)
OS uptime: 2 days 0:11 hours

CPU: total 8 (initial active 8) (8 cores per cpu, 2 threads per core) family 23 model 160 stepping 0 microcode 0x0, cx8, cmov, fxsr, ht, mmx, 3dnowpref, sse, sse2, sse3, ssse3, sse4a, sse4.1, sse4.2, popcnt, lzcnt, tsc, tscinvbit, avx, avx2, aes, clmul, bmi1, bmi2, adx, sha, fma, vzeroupper, clflush, clflushopt, rdtscp, rdpid, f16c
Processor Information for all 8 processors :
  Max Mhz: 2801, Current Mhz: 2246, Mhz Limit: 2801

Memory: 4k page, system-wide physical 7413M (403M free)
TotalPageFile size 29917M (AvailPageFile size 79M)
current process WorkingSet (physical memory assigned to process): 11M, peak: 11M
current process commit charge ("private bytes"): 60M, peak: 176M

vm_info: Java HotSpot(TM) 64-Bit Server VM (21.0.1+12-LTS-29) for windows-amd64 JRE (21.0.1+12-LTS-29), built on 2023-10-05T13:27:09Z by "mach5one" with MS VC++ 17.1 (VS2022)

END.
